[2023-03-04 09:38:43 +0000] [987] [INFO] Starting gunicorn 20.1.0
[2023-03-04 09:38:43 +0000] [987] [INFO] Listening at: http://0.0.0.0:5000 (987)
[2023-03-04 09:38:43 +0000] [987] [INFO] Using worker: sync
[2023-03-04 09:38:43 +0000] [988] [INFO] Booting worker with pid: 988
[2023-03-04 09:38:43 +0000] [989] [INFO] Booting worker with pid: 989
[2023-03-04 09:43:38 +0000] [987] [INFO] Handling signal: int
[2023-03-04 09:43:38 +0000] [988] [INFO] Worker exiting (pid: 988)
[2023-03-04 09:43:38 +0000] [989] [INFO] Worker exiting (pid: 989)
[2023-03-04 09:43:38 +0000] [987] [INFO] Shutting down: Master
[2023-03-04 09:43:41 +0000] [1039] [INFO] Starting gunicorn 20.1.0
[2023-03-04 09:43:41 +0000] [1039] [INFO] Listening at: http://0.0.0.0:5000 (1039)
[2023-03-04 09:43:41 +0000] [1039] [INFO] Using worker: sync
[2023-03-04 09:43:41 +0000] [1040] [INFO] Booting worker with pid: 1040
[2023-03-04 09:43:41 +0000] [1041] [INFO] Booting worker with pid: 1041
[2023-03-04 09:49:37 +0000] [1039] [INFO] Handling signal: int
[2023-03-04 09:49:37 +0000] [1041] [INFO] Worker exiting (pid: 1041)
[2023-03-04 09:49:37 +0000] [1040] [INFO] Worker exiting (pid: 1040)
[2023-03-04 09:49:37 +0000] [1039] [INFO] Shutting down: Master
[2023-03-04 09:49:41 +0000] [1352] [INFO] Starting gunicorn 20.1.0
[2023-03-04 09:49:41 +0000] [1352] [INFO] Listening at: http://0.0.0.0:5000 (1352)
[2023-03-04 09:49:41 +0000] [1352] [INFO] Using worker: sync
[2023-03-04 09:49:41 +0000] [1353] [INFO] Booting worker with pid: 1353
[2023-03-04 09:49:41 +0000] [1354] [INFO] Booting worker with pid: 1354
[2023-03-04 09:51:58 +0000] [1352] [INFO] Handling signal: int
[2023-03-04 09:51:58 +0000] [1353] [INFO] Worker exiting (pid: 1353)
[2023-03-04 09:51:58 +0000] [1354] [INFO] Worker exiting (pid: 1354)
[2023-03-04 09:51:58 +0000] [1352] [INFO] Shutting down: Master
[2023-03-04 09:51:59 +0000] [1403] [INFO] Starting gunicorn 20.1.0
[2023-03-04 09:51:59 +0000] [1403] [INFO] Listening at: http://0.0.0.0:5000 (1403)
[2023-03-04 09:51:59 +0000] [1403] [INFO] Using worker: sync
[2023-03-04 09:51:59 +0000] [1404] [INFO] Booting worker with pid: 1404
[2023-03-04 09:51:59 +0000] [1405] [INFO] Booting worker with pid: 1405
[2023-03-04 10:01:21 +0000] [1403] [INFO] Handling signal: int
[2023-03-04 10:01:21 +0000] [1404] [INFO] Worker exiting (pid: 1404)
[2023-03-04 10:01:21 +0000] [1405] [INFO] Worker exiting (pid: 1405)
[2023-03-04 10:01:21 +0000] [1403] [INFO] Shutting down: Master
