
2023-03-07 19:33:29.900544+08:00
{'bosco3.com': 'The domain has already been created or entered in the wrong format, please check in YCCDN admin.'}
{'bosco2.com': 'The domain has already been created or entered in the wrong format, please check in YCCDN admin.'}
{'bosco1.com': 'The domain has already been created or entered in the wrong format, please check in YCCDN admin.'}

2023-03-07 19:22:20.651002+08:00
{'bill3.com': 'The domain has already been created or entered in the wrong format, please check in YCCDN admin.'}
{'bill2.com': 'The domain has already been created or entered in the wrong format, please check in YCCDN admin.'}
{'bill1.com': 'The domain has already been created or entered in the wrong format, please check in YCCDN admin.'}

2023-03-07 12:27:36.808428+08:00
{'bill5.com': 'The domain has already been created or entered in the wrong format, please check in YCCDN admin.'}
{'bill4.com': 'The domain has already been created or entered in the wrong format, please check in YCCDN admin.'}
{'bill3.com': 'The domain has already been created or entered in the wrong format, please check in YCCDN admin.'}

2023-03-07 04:11:38.597781
{'bill2.com': 'The domain has already been created or entered in the wrong format, please check in YCCDN admin.'}
{'bill.com': 'The domain has already been created or entered in the wrong format, please check in YCCDN admin.'}

2023-03-07 04:09:32.856294
{'bosco1.com': 'The domain has already been created or entered in the wrong format, please check in YCCDN admin.'}
{'bosco.com': 'The domain has already been created or entered in the wrong format, please check in YCCDN admin.'}
{'bosco.com': 'The domain has already been created or entered in the wrong format, please check in YCCDN admin.'}

2023-03-07 04:02:16.255735
{'bill303.com': 'Create completed'}
{'bill303.tw': 'Create completed'}
{'bill303.cn': 'Create completed'}
2023-03-07 03:34:40.824610
{'boco111': 'The domain has already been created or entered in the wrong format, please check in YCCDN admin.'}


at, please check in YCCDN admin.'}
t, please check in YCCDN admin.'}
